<?xml version="1.0" encoding="UTF-8"?>
<!-- Generated by org.testng.reporters.JUnitReportReporter -->
<testsuite hostname="KotaAparnaReddy" failures="0" tests="1" name="fortrainingapp.runners.Runner" time="18.788" errors="0" timestamp="06 Apr 2023 06:10:47 GMT" skipped="0">
  <testcase classname="fortrainingapp.runners.Runner" name="feature" time="18.788"/>
</testsuite> <!-- fortrainingapp.runners.Runner -->
